{"game_id":"28","redeem_code":"LOP3N0Y9KRDW\r\n"}
{"game_id":"95","nickname":"po11111111","gold":"463617","diamond":"4081","fishGold":"25660","grade":"0","vip_grade":"4"}
{"game_id":"28","redeem_code":"LOP3N0Y9KRDW\r\n"}
{"game_id":"28","redeem_code":"LOP3N0Y9KRDW"}
{"game_id":"95","redeem_code":"LOP3N0Y9KRDW"}
{"game_id":"95","redeem_code":"LOP3N0Y9KRDW"}
{"game_id":"95","redeem_code":"LOP3N0Y9KRDW"}
{"game_id":"95","nickname":"po11111111","gold":"464217","diamond":"4081","fishGold":"25660","grade":"0","vip_grade":"4"}
{"redeem_code":"LOP3N0Y9KRDW","game_id":"95"}
{"redeem_code":"LOP3N0Y9KRDW","game_id":"95"}
{"redeem_code":"LOP3N0Y9KRDW","game_id":"95"}
{"redeem_code":"LOP3N0Y9KRDW","game_id":"95"}
{"game_id":"96","redeem_code":"LOP3N0Y9KRDW"}
{"redeem_code":"LOP3N0Y9KRDW","game_id":"96"}
{"game_id":"95","nickname":"po11111111","gold":"464209","diamond":"4081","fishGold":"25660","grade":"0","vip_grade":"4"}
{"game_id":"95","redeem_code":"LOP3N0Y9KRDW"}
{"game_id":"95","redeem_code":"LOP3N0Y9KRDW"}
{"game_id":"95","redeem_code":"LOP3N0Y9KRDW"}
{"game_id":"97","nickname":"ak_7581173525","gold":"10000","diamond":"0","fishGold":"0","grade":"0","vip_grade":"0"}
{"game_id":"95","redeem_code":"LOP3N0Y9KRDW"}
{"game_id":"95","redeem_code":"LOP3N0Y9KRDW"}
{"game_id":"95","redeem_code":"LOP3N0Y9KRDW"}
{"game_id":"95","redeem_code":"LOP3N0Y9KRDW"}
{"redeem_code":"LOP3N0Y9KRDW","game_id":"96"}
{"game_id":"98","nickname":"ak_881173959","gold":"10000","diamond":"0","fishGold":"0","grade":"0","vip_grade":"0"}
{"redeem_code":"LOP3N0Y9KRDW","game_id":"92"}
{"redeem_code":"LOP3N0Y9KRDW","game_id":"90"}
[]
[]
[]
{"redeem_code":"LOP3N0Y9KRDW","game_id":"90"}
{"redeem_code":"LOP3N0Y9KRDW","game_id":"90"}
{"redeem_code":"LOP3N0Y9KRDW","game_id":"95"}
{"game_id":"97","nickname":"ak_7581173525","gold":"15855","diamond":"225","fishGold":"14211","grade":"0","vip_grade":"2"}
{"redeem_code":"LOP3N0Y9KRDW","game_id":"95"}
{"redeem_code":"LOP3N0Y9KRDW","game_id":"95"}
{"redeem_code":"LOP3N0Y9KRDW","game_id":"95"}
{"redeem_code":"LOP3N0Y9KRDW","game_id":"95"}
{"redeem_code":"LOP3N0Y9KRDW","game_id":"95"}
{"redeem_code":"LOP3N0Y9KRDW","game_id":"95"}
{"game_id":"95","redeem_code":"LOP3N0Y9KRDW"}
{"redeem_code":"LOP3N0Y9KRDW","game_id":"95"}
{"game_id":"28","nickname":"ak_7773155313","gold":"20395428","diamond":"5181","fishGold":"181239","grade":"10","vip_grade":"7"}
{"game_id":"28","redeem_code":"LOP3N0Y9KRDW"}
{"game_id":"99","nickname":"minkylover1@","gold":"10000","diamond":"0","fishGold":"0","grade":"0","vip_grade":"0"}
{"game_id":"99","nickname":"minkylover1@","gold":"10000","diamond":"0","fishGold":"0","grade":"0","vip_grade":"0"}
{"game_id":"28","redeem_code":"LOP3N0Y9KRDW"}
{"game_id":"28","redeem_code":"LOP3N0Y9KRDW"}
{"game_id":"28","redeem_code":"LOP3N0Y9KRDW"}
{"game_id":"95","nickname":"po11111111","gold":"465881","diamond":"4081","fishGold":"25660","grade":"0","vip_grade":"4"}
{"game_id":"100","nickname":"minky123@","gold":"10000","diamond":"0","fishGold":"0","grade":"0","vip_grade":"0"}
{"game_id":"99","nickname":"minkylover1@","gold":"10000","diamond":"0","fishGold":"0","grade":"0","vip_grade":"0"}
{"game_id":"100","nickname":"minky123@","gold":"10000","diamond":"0","fishGold":"0","grade":"0","vip_grade":"0"}
{"game_id":"99","nickname":"minkylover1@","gold":"10000","diamond":"0","fishGold":"0","grade":"0","vip_grade":"0"}
{"game_id":"28","redeem_code":"LOP3N0Y9KRDW"}
{"game_id":"28","redeem_code":"LOP3N0Y9KRDW"}
{"game_id":"28","redeem_code":"LOP3N0Y9KRDW"}
{"game_id":"101","nickname":"ak_7581174148","gold":"10000","diamond":"0","fishGold":"0","grade":"0","vip_grade":"0"}
{"game_id":"101","nickname":"ak_7581174148","gold":"10000","diamond":"0","fishGold":"0","grade":"0","vip_grade":"0"}
{"game_id":"100","nickname":"minky123@","gold":"10000","diamond":"0","fishGold":"0","grade":"0","vip_grade":"0"}
{"game_id":"99","nickname":"minkylover1@","gold":"10000","diamond":"0","fishGold":"0","grade":"0","vip_grade":"0"}
{"game_id":"100","nickname":"minky123@","gold":"10000","diamond":"0","fishGold":"0","grade":"0","vip_grade":"0"}
{"game_id":"102","nickname":"anxiaoye1","gold":"10000","diamond":"0","fishGold":"0","grade":"0","vip_grade":"0"}
{"game_id":"99","nickname":"minkylover1@","gold":"10000","diamond":"0","fishGold":"0","grade":"0","vip_grade":"0"}
{"game_id":"100","nickname":"minky123@","gold":"10000","diamond":"0","fishGold":"0","grade":"0","vip_grade":"0"}
{"game_id":"101","nickname":"ak_7581174148","gold":"10000","diamond":"0","fishGold":"0","grade":"0","vip_grade":"0"}
{"game_id":"102","nickname":"anxiaoye1","gold":"10000","diamond":"0","fishGold":"0","grade":"0","vip_grade":"0"}
{"game_id":"95","nickname":"po11111111","gold":"466181","diamond":"4111","fishGold":"25660","grade":"0","vip_grade":"4"}
{"game_id":"28","redeem_code":"1ZJSO0Q4URWZ"}
{"game_id":"28","redeem_code":"1ZJSO0Q4URWZ"}
{"game_id":"98","nickname":"ak_881173959","gold":"1149899","diamond":"55012","fishGold":"2002","grade":"0","vip_grade":"8"}
[]
[]
{"game_id":"102","nickname":"anxiaoye1","gold":"10000","diamond":"0","fishGold":"0","grade":"0","vip_grade":"0"}
{"game_id":"28","redeem_code":"LOP3N0Y9KRDW"}
{"game_id":"28","redeem_code":"1ZJSO0Q4URWZ"}
{"game_id":"28","redeem_code":"1ZJSO0Q4URWZ"}
{"game_id":"28","redeem_code":"1ZJSO0Q4URWZ"}
{"game_id":"28","redeem_code":"1ZJSO0Q4URWZ"}
{"game_id":"28","redeem_code":"1ZJSO0Q4URWZ"}
{"game_id":"28","redeem_code":"1ZJSO0Q4URWZ"}
{"redeem_code":"1ZJSO0Q4URWZ","game_id":"28"}
{"redeem_code":"1ZJSO0Q4URWZ","game_id":"28"}
{"redeem_code":"1ZJSO0Q4URWZ","game_id":"28"}
{"redeem_code":"1ZJSO0Q4URWZ","game_id":"28"}
{"game_id":"98","nickname":"ak_881173959","gold":"1383899","diamond":"55012","fishGold":"2002","grade":"0","vip_grade":"8"}
{"redeem_code":"1ZJSO0Q4URWZ","game_id":"28"}
{"game_id":"79","nickname":"ak_31728184151","gold":"12402","diamond":"1658","fishGold":"40862","grade":"0","vip_grade":"2"}
{"redeem_code":"1ZJSO0Q4URWZ","game_id":"28"}
{"redeem_code":"1ZJSO0Q4URWZ","game_id":"28"}
{"redeem_code":"1ZJSO0Q4URWZ","game_id":"28"}
{"redeem_code":"1ZJSO0Q4URWZ","game_id":"28"}
{"redeem_code":"1ZJSO0Q4URWZ","game_id":"28"}
{"redeem_code":"1ZJSO0Q4URWZ","game_id":"28"}
{"redeem_code":"1ZJSO0Q4URWZ","game_id":"28"}
{"redeem_code":"1ZJSO0Q4URWZ","game_id":"28"}
{"game_id":"28","nickname":"ak_7773155313","gold":"20396428","diamond":"5181","fishGold":"181239","grade":"10","vip_grade":"7"}
{"redeem_code":"1ZJSO0Q4URWZ","game_id":"28"}
{"redeem_code":"1ZJSO0Q4URWZ","game_id":"28"}
{"redeem_code":"1ZJSO0Q4URWZ","game_id":"28"}
{"game_id":"102","nickname":"anxiaoye1","gold":"12300","diamond":"96","fishGold":"1","grade":"0","vip_grade":"0"}
{"game_id":"95","nickname":"po11111111","gold":"476481","diamond":"4241","fishGold":"25660","grade":"0","vip_grade":"4"}
{"game_id":"95","redeem_code":"1ZJSO0Q4URWZ"}
{"game_id":"79","nickname":"ak_31728184151","gold":"12402","diamond":"1658","fishGold":"40862","grade":"0","vip_grade":"2"}
{"game_id":"103","nickname":"ak_2081175843","gold":"10000","diamond":"0","fishGold":"0","grade":"0","vip_grade":"0"}
{"game_id":"104","nickname":"ak_9581174917","gold":"10000","diamond":"0","fishGold":"0","grade":"0","vip_grade":"0"}
{"game_id":"108","nickname":"111111dsdw","gold":"11002","diamond":"1441","fishGold":"2002","grade":"0","vip_grade":"4"}
{"game_id":"108","nickname":"111111dsdw","gold":"11002","diamond":"1441","fishGold":"2002","grade":"0","vip_grade":"4"}
{"game_id":"108","nickname":"111111dsdw","gold":"11002","diamond":"1441","fishGold":"2002","grade":"0","vip_grade":"4"}
{"game_id":"108","nickname":"111111dsdw","gold":"10978","diamond":"1441","fishGold":"2002","grade":"0","vip_grade":"4"}
{"game_id":"109","nickname":"dqwdqwd11","gold":"10000","diamond":"0","fishGold":"0","grade":"0","vip_grade":"0"}
{"game_id":"109","nickname":"dqwdqwd11","gold":"10000","diamond":"0","fishGold":"0","grade":"0","vip_grade":"0"}
